{"l":"info","mysqlStoreOpt":{"Address":"","DBName":"","Params":"","IgnoreModel":0},"c":"mysqlstore.go:68","ts":"0803-14:36:37+08"}
{"l":"info","cameraStoreOpt":{"Onvifs":null,"NatTcp":null},"c":"camera.go:61","ts":"0803-14:36:37+08"}
{"l":"info","httpHandlerOpt":{},"c":"httphandler.go:27","ts":"0803-14:36:37+08"}
{"l":"info","httpServerOpt":{"ListenAddr":""},"c":"httpserver.go:45","ts":"0803-14:36:37+08"}
{"l":"info","httpHandlerOpt":{},"c":"httphandler.go:27","ts":"0803-14:36:37+08"}
{"l":"info","mod":"*manage.cameraStore","c":"fxhook.go:25","ts":"0803-14:36:37+08","m":"start"}
{"l":"info","mod":"*manage.cameraStore","c":"fxhook.go:30","ts":"0803-14:36:37+08","m":"stop"}
{"l":"info","mod":"*manage.httpServer","c":"fxhook.go:25","ts":"0803-14:36:37+08","m":"start"}
{"l":"info","mod":"*manage.mysqlStore","c":"fxhook.go:25","ts":"0803-14:36:37+08","m":"start"}
{"l":"info","mysqlStoreOpt":{"Address":"","DBName":"","Params":"","IgnoreModel":0},"c":"mysqlstore.go:68","ts":"0803-14:38:09+08"}
{"l":"info","cameraStoreOpt":{"Onvifs":null,"NatTcp":null},"c":"camera.go:61","ts":"0803-14:38:09+08"}
{"l":"info","httpHandlerOpt":{},"c":"httphandler.go:27","ts":"0803-14:38:09+08"}
{"l":"info","httpServerOpt":{"ListenAddr":""},"c":"httpserver.go:45","ts":"0803-14:38:09+08"}
{"l":"info","httpHandlerOpt":{},"c":"httphandler.go:27","ts":"0803-14:38:09+08"}
{"l":"info","mod":"*manage.cameraStore","c":"fxhook.go:25","ts":"0803-14:38:09+08","m":"start"}
{"l":"info","mod":"*manage.cameraStore","c":"fxhook.go:30","ts":"0803-14:38:09+08","m":"stop"}
{"l":"info","mod":"*manage.httpServer","c":"fxhook.go:25","ts":"0803-14:38:09+08","m":"start"}
{"l":"info","mod":"*manage.mysqlStore","c":"fxhook.go:25","ts":"0803-14:38:09+08","m":"start"}
{"l":"info","mysqlStoreOpt":{"Address":"","DBName":"","Params":"","IgnoreModel":0},"c":"mysqlstore.go:68","ts":"0803-14:39:26+08"}
{"l":"info","cameraStoreOpt":{"Onvifs":null,"NatTcp":null},"c":"camera.go:61","ts":"0803-14:39:26+08"}
{"l":"info","httpHandlerOpt":{},"c":"httphandler.go:27","ts":"0803-14:39:26+08"}
{"l":"info","httpServerOpt":{"ListenAddr":""},"c":"httpserver.go:45","ts":"0803-14:39:26+08"}
{"l":"info","httpHandlerOpt":{},"c":"httphandler.go:27","ts":"0803-14:39:26+08"}
{"l":"info","mod":"*manage.cameraStore","c":"fxhook.go:25","ts":"0803-14:39:26+08","m":"start"}
{"l":"info","mod":"*manage.cameraStore","c":"fxhook.go:30","ts":"0803-14:39:26+08","m":"stop"}
{"l":"info","mod":"*manage.httpServer","c":"fxhook.go:25","ts":"0803-14:39:26+08","m":"start"}
{"l":"info","mod":"*manage.mysqlStore","c":"fxhook.go:25","ts":"0803-14:39:26+08","m":"start"}
{"l":"info","mysqlStoreOpt":{"Address":"","DBName":"","Params":"","IgnoreModel":0},"c":"mysqlstore.go:68","ts":"0803-14:41:05+08"}
{"l":"info","cameraStoreOpt":{"Onvifs":null,"NatTcp":null},"c":"camera.go:61","ts":"0803-14:41:05+08"}
{"l":"info","httpHandlerOpt":{},"c":"httphandler.go:27","ts":"0803-14:41:05+08"}
{"l":"info","httpServerOpt":{"ListenAddr":""},"c":"httpserver.go:45","ts":"0803-14:41:05+08"}
{"l":"info","httpHandlerOpt":{},"c":"httphandler.go:27","ts":"0803-14:41:05+08"}
{"l":"info","mod":"*manage.cameraStore","c":"fxhook.go:25","ts":"0803-14:41:05+08","m":"start"}
{"l":"info","mod":"*manage.cameraStore","c":"fxhook.go:30","ts":"0803-14:41:05+08","m":"stop"}
{"l":"info","mod":"*manage.httpServer","c":"fxhook.go:25","ts":"0803-14:41:05+08","m":"start"}
{"l":"info","mod":"*manage.mysqlStore","c":"fxhook.go:25","ts":"0803-14:41:05+08","m":"start"}
{"l":"info","mysqlStoreOpt":{"Address":"","DBName":"","Params":"","IgnoreModel":0},"c":"mysqlstore.go:68","ts":"0803-14:42:10+08"}
{"l":"info","mysqlStoreOpt":{"Address":"","DBName":"","Params":"","IgnoreModel":0},"c":"mysqlstore.go:68","ts":"0803-14:42:34+08"}
{"l":"info","cameraStoreOpt":{"Onvifs":null,"NatTcp":null},"c":"camera.go:61","ts":"0803-14:42:34+08"}
{"l":"info","httpHandlerOpt":{},"c":"httphandler.go:27","ts":"0803-14:42:34+08"}
{"l":"info","httpServerOpt":{"ListenAddr":""},"c":"httpserver.go:45","ts":"0803-14:42:34+08"}
{"l":"info","httpHandlerOpt":{},"c":"httphandler.go:27","ts":"0803-14:42:34+08"}
{"l":"info","mod":"*manage.cameraStore","c":"fxhook.go:25","ts":"0803-14:42:34+08","m":"start"}
{"l":"info","mod":"*manage.cameraStore","c":"fxhook.go:30","ts":"0803-14:42:34+08","m":"stop"}
{"l":"info","mod":"*manage.httpServer","c":"fxhook.go:25","ts":"0803-14:42:34+08","m":"start"}
{"l":"info","mod":"*manage.mysqlStore","c":"fxhook.go:25","ts":"0803-14:42:34+08","m":"start"}
